<?xml version="1.0" encoding="UTF-8"?>
<!-- Generated by org.testng.reporters.JUnitReportReporter -->
<testsuite ignored="0" hostname="Purni" failures="0" tests="1" name="com.TestNG.Sample" time="0.031" errors="0" timestamp="12 Jan 2022 05:40:24 GMT" skipped="0">
  <testcase classname="com.TestNG.Sample" name="method_p" time="0.031"/>
</testsuite> <!-- com.TestNG.Sample -->
